
  .   ____          _            __ _ _
 /\\ / ___'_ __ _ _(_)_ __  __ _ \ \ \ \
( ( )\___ | '_ | '_| | '_ \/ _` | \ \ \ \
 \\/  ___)| |_)| | | | | || (_| |  ) ) ) )
  '  |____| .__|_| |_|_| |_\__, | / / / /
 =========|_|==============|___/=/_/_/_/

 :: Spring Boot ::                (v3.4.4)

2026-04-14T21:56:25.301+08:00  INFO 46332 --- [           main] c.sage.backend.SageBackendApplication    : Starting SageBackendApplication using Java 17.0.12 with PID 46332 (E:\Github\SAGE-ALL\SAGE\BackEnd\target\classes started by t in E:\Github\SAGE-ALL\SAGE\BackEnd)
2026-04-14T21:56:25.303+08:00  INFO 46332 --- [           main] c.sage.backend.SageBackendApplication    : No active profile set, falling back to 1 default profile: "default"
2026-04-14T21:56:27.472+08:00  INFO 46332 --- [           main] o.s.b.w.embedded.tomcat.TomcatWebServer  : Tomcat initialized with port 8080 (http)
2026-04-14T21:56:27.498+08:00  INFO 46332 --- [           main] o.apache.catalina.core.StandardService   : Starting service [Tomcat]
2026-04-14T21:56:27.499+08:00  INFO 46332 --- [           main] o.apache.catalina.core.StandardEngine    : Starting Servlet engine: [Apache Tomcat/10.1.39]
2026-04-14T21:56:27.589+08:00  INFO 46332 --- [           main] o.a.c.c.C.[Tomcat].[localhost].[/]       : Initializing Spring embedded WebApplicationContext
2026-04-14T21:56:27.590+08:00  INFO 46332 --- [           main] w.s.c.ServletWebServerApplicationContext : Root WebApplicationContext: initialization completed in 2203 ms
2026-04-14T21:56:28.164+08:00  INFO 46332 --- [           main] com.zaxxer.hikari.HikariDataSource       : HikariPool-1 - Starting...
2026-04-14T21:56:28.434+08:00  INFO 46332 --- [           main] com.zaxxer.hikari.pool.HikariPool        : HikariPool-1 - Added connection org.postgresql.jdbc.PgConnection@653a5967
2026-04-14T21:56:28.437+08:00  INFO 46332 --- [           main] com.zaxxer.hikari.HikariDataSource       : HikariPool-1 - Start completed.
2026-04-14T21:56:28.481+08:00  INFO 46332 --- [           main] org.flywaydb.core.FlywayExecutor         : Database: jdbc:postgresql://localhost:25432/sage (PostgreSQL 17.9)
2026-04-14T21:56:28.605+08:00  INFO 46332 --- [           main] o.f.core.internal.command.DbValidate     : Successfully validated 20 migrations (execution time 00:00.074s)
2026-04-14T21:56:28.639+08:00  INFO 46332 --- [           main] o.f.core.internal.command.DbMigrate      : Current version of schema "public": 20
2026-04-14T21:56:28.645+08:00  INFO 46332 --- [           main] o.f.core.internal.command.DbMigrate      : Schema "public" is up to date. No migration necessary.
2026-04-14T21:56:29.514+08:00  WARN 46332 --- [           main] .s.s.UserDetailsServiceAutoConfiguration : 

Using generated security password: c410035e-66f2-4ba6-a854-9aed50d84df8

This generated password is for development use only. Your security configuration must be updated before running your application in production.

2026-04-14T21:56:29.523+08:00  INFO 46332 --- [           main] r$InitializeUserDetailsManagerConfigurer : Global AuthenticationManager configured with UserDetailsService bean with name inMemoryUserDetailsManager
2026-04-14T21:56:29.895+08:00  INFO 46332 --- [           main] o.s.b.a.e.web.EndpointLinksResolver      : Exposing 2 endpoints beneath base path '/actuator'
2026-04-14T21:56:30.244+08:00  INFO 46332 --- [           main] o.s.b.w.embedded.tomcat.TomcatWebServer  : Tomcat started on port 8080 (http) with context path '/'
2026-04-14T21:56:30.268+08:00  INFO 46332 --- [           main] c.sage.backend.SageBackendApplication    : Started SageBackendApplication in 5.575 seconds (process running for 5.981)
2026-04-14T21:57:18.569+08:00  INFO 46332 --- [nio-8080-exec-1] o.a.c.c.C.[Tomcat].[localhost].[/]       : Initializing Spring DispatcherServlet 'dispatcherServlet'
2026-04-14T21:57:18.569+08:00  INFO 46332 --- [nio-8080-exec-1] o.s.web.servlet.DispatcherServlet        : Initializing Servlet 'dispatcherServlet'
2026-04-14T21:57:18.572+08:00  INFO 46332 --- [nio-8080-exec-1] o.s.web.servlet.DispatcherServlet        : Completed initialization in 3 ms
