[INFO] Scanning for projects...
[INFO] 
[INFO] --------------------------< com.sage:backend >--------------------------
[INFO] Building sage-backend 0.0.1-SNAPSHOT
[INFO] --------------------------------[ jar ]---------------------------------
[INFO] 
[INFO] >>> spring-boot-maven-plugin:3.4.4:run (default-cli) > test-compile @ backend >>>
[INFO] 
[INFO] --- maven-resources-plugin:3.3.1:resources (default-resources) @ backend ---
[INFO] Copying 1 resource from src\main\resources to target\classes
[INFO] Copying 22 resources from src\main\resources to target\classes
[INFO] 
[INFO] --- maven-compiler-plugin:3.13.0:compile (default-compile) @ backend ---
[INFO] Nothing to compile - all classes are up to date.
[INFO] 
[INFO] --- maven-resources-plugin:3.3.1:testResources (default-testResources) @ backend ---
[INFO] skip non existing resourceDirectory E:\Github\SAGE-ALL\SAGE\BackEnd\src\test\resources
[INFO] 
[INFO] --- maven-compiler-plugin:3.13.0:testCompile (default-testCompile) @ backend ---
[INFO] Nothing to compile - all classes are up to date.
[INFO] 
[INFO] <<< spring-boot-maven-plugin:3.4.4:run (default-cli) < test-compile @ backend <<<
[INFO] 
[INFO] 
[INFO] --- spring-boot-maven-plugin:3.4.4:run (default-cli) @ backend ---
[INFO] Attaching agents: []

  .   ____          _            __ _ _
 /\\ / ___'_ __ _ _(_)_ __  __ _ \ \ \ \
( ( )\___ | '_ | '_| | '_ \/ _` | \ \ \ \
 \\/  ___)| |_)| | | | | || (_| |  ) ) ) )
  '  |____| .__|_| |_|_| |_\__, | / / / /
 =========|_|==============|___/=/_/_/_/

 :: Spring Boot ::                (v3.4.4)

2026-04-17T14:36:48.110+08:00  INFO 37452 --- [           main] c.sage.backend.SageBackendApplication    : Starting SageBackendApplication using Java 17.0.12 with PID 37452 (E:\Github\SAGE-ALL\SAGE\BackEnd\target\classes started by t in E:\Github\SAGE-ALL\SAGE\BackEnd)
2026-04-17T14:36:48.118+08:00  INFO 37452 --- [           main] c.sage.backend.SageBackendApplication    : No active profile set, falling back to 1 default profile: "default"
2026-04-17T14:36:50.435+08:00  INFO 37452 --- [           main] o.s.b.w.embedded.tomcat.TomcatWebServer  : Tomcat initialized with port 8080 (http)
2026-04-17T14:36:50.456+08:00  INFO 37452 --- [           main] o.apache.catalina.core.StandardService   : Starting service [Tomcat]
2026-04-17T14:36:50.457+08:00  INFO 37452 --- [           main] o.apache.catalina.core.StandardEngine    : Starting Servlet engine: [Apache Tomcat/10.1.39]
2026-04-17T14:36:50.538+08:00  INFO 37452 --- [           main] o.a.c.c.C.[Tomcat].[localhost].[/]       : Initializing Spring embedded WebApplicationContext
2026-04-17T14:36:50.539+08:00  INFO 37452 --- [           main] w.s.c.ServletWebServerApplicationContext : Root WebApplicationContext: initialization completed in 2335 ms
2026-04-17T14:36:51.050+08:00  INFO 37452 --- [           main] com.zaxxer.hikari.HikariDataSource       : HikariPool-1 - Starting...
2026-04-17T14:36:51.342+08:00  INFO 37452 --- [           main] com.zaxxer.hikari.pool.HikariPool        : HikariPool-1 - Added connection org.postgresql.jdbc.PgConnection@23ea8830
2026-04-17T14:36:51.345+08:00  INFO 37452 --- [           main] com.zaxxer.hikari.HikariDataSource       : HikariPool-1 - Start completed.
2026-04-17T14:36:51.390+08:00  INFO 37452 --- [           main] org.flywaydb.core.FlywayExecutor         : Database: jdbc:postgresql://localhost:5432/sage (PostgreSQL 18.2)
2026-04-17T14:36:51.409+08:00  WARN 37452 --- [           main] o.f.c.internal.database.base.Database    : Flyway upgrade recommended: PostgreSQL 18.2 is newer than this version of Flyway and support has not been tested. The latest supported version of PostgreSQL is 17.
2026-04-17T14:36:51.502+08:00  INFO 37452 --- [           main] o.f.core.internal.command.DbValidate     : Successfully validated 22 migrations (execution time 00:00.075s)
2026-04-17T14:36:51.670+08:00  INFO 37452 --- [           main] o.f.core.internal.command.DbMigrate      : Current version of schema "public": 22
2026-04-17T14:36:51.692+08:00  INFO 37452 --- [           main] o.f.core.internal.command.DbMigrate      : Schema "public" is up to date. No migration necessary.
2026-04-17T14:36:52.405+08:00  WARN 37452 --- [           main] .s.s.UserDetailsServiceAutoConfiguration : 

Using generated security password: a92434e3-8710-4b99-99f9-f941bc356bdc

This generated password is for development use only. Your security configuration must be updated before running your application in production.

2026-04-17T14:36:52.423+08:00  INFO 37452 --- [           main] r$InitializeUserDetailsManagerConfigurer : Global AuthenticationManager configured with UserDetailsService bean with name inMemoryUserDetailsManager
2026-04-17T14:36:52.812+08:00  INFO 37452 --- [           main] o.s.b.a.e.web.EndpointLinksResolver      : Exposing 2 endpoints beneath base path '/actuator'
2026-04-17T14:36:53.177+08:00  WARN 37452 --- [           main] ConfigServletWebServerApplicationContext : Exception encountered during context initialization - cancelling refresh attempt: org.springframework.context.ApplicationContextException: Failed to start bean 'webServerStartStop'
2026-04-17T14:36:53.204+08:00  INFO 37452 --- [           main] com.zaxxer.hikari.HikariDataSource       : HikariPool-1 - Shutdown initiated...
2026-04-17T14:36:53.209+08:00  INFO 37452 --- [           main] com.zaxxer.hikari.HikariDataSource       : HikariPool-1 - Shutdown completed.
2026-04-17T14:36:53.237+08:00  INFO 37452 --- [           main] .s.b.a.l.ConditionEvaluationReportLogger : 

Error starting ApplicationContext. To display the condition evaluation report re-run your application with 'debug' enabled.
2026-04-17T14:36:53.255+08:00 ERROR 37452 --- [           main] o.s.b.d.LoggingFailureAnalysisReporter   : 

***************************
APPLICATION FAILED TO START
***************************

Description:

Web server failed to start. Port 8080 was already in use.

Action:

Identify and stop the process that's listening on port 8080 or configure this application to listen on another port.

[INFO] ------------------------------------------------------------------------
[INFO] BUILD FAILURE
[INFO] ------------------------------------------------------------------------
[INFO] Total time:  11.274 s
[INFO] Finished at: 2026-04-17T14:36:53+08:00
[INFO] ------------------------------------------------------------------------
[ERROR] Failed to execute goal org.springframework.boot:spring-boot-maven-plugin:3.4.4:run (default-cli) on project backend: Process terminated with exit code: 1 -> [Help 1]
[ERROR] 
[ERROR] To see the full stack trace of the errors, re-run Maven with the -e switch.
[ERROR] Re-run Maven using the -X switch to enable full debug logging.
[ERROR] 
[ERROR] For more information about the errors and possible solutions, please read the following articles:
[ERROR] [Help 1] http://cwiki.apache.org/confluence/display/MAVEN/MojoExecutionException
