[INFO] Scanning for projects...
[INFO] 
[INFO] --------------------------< com.sage:backend >--------------------------
[INFO] Building sage-backend 0.0.1-SNAPSHOT
[INFO] --------------------------------[ jar ]---------------------------------
[INFO] 
[INFO] >>> spring-boot-maven-plugin:3.4.4:run (default-cli) > test-compile @ backend >>>
[INFO] 
[INFO] --- maven-resources-plugin:3.3.1:resources (default-resources) @ backend ---
[INFO] Copying 1 resource from src\main\resources to target\classes
[INFO] Copying 19 resources from src\main\resources to target\classes
[INFO] 
[INFO] --- maven-compiler-plugin:3.13.0:compile (default-compile) @ backend ---
[INFO] Nothing to compile - all classes are up to date.
[INFO] 
[INFO] --- maven-resources-plugin:3.3.1:testResources (default-testResources) @ backend ---
[INFO] skip non existing resourceDirectory E:\Github\SAGE-ALL\SAGE\BackEnd\src\test\resources
[INFO] 
[INFO] --- maven-compiler-plugin:3.13.0:testCompile (default-testCompile) @ backend ---
[INFO] Nothing to compile - all classes are up to date.
[INFO] 
[INFO] <<< spring-boot-maven-plugin:3.4.4:run (default-cli) < test-compile @ backend <<<
[INFO] 
[INFO] 
[INFO] --- spring-boot-maven-plugin:3.4.4:run (default-cli) @ backend ---
[INFO] Attaching agents: []

  .   ____          _            __ _ _
 /\\ / ___'_ __ _ _(_)_ __  __ _ \ \ \ \
( ( )\___ | '_ | '_| | '_ \/ _` | \ \ \ \
 \\/  ___)| |_)| | | | | || (_| |  ) ) ) )
  '  |____| .__|_| |_|_| |_\__, | / / / /
 =========|_|==============|___/=/_/_/_/

 :: Spring Boot ::                (v3.4.4)

2026-04-14T15:17:37.443+08:00  INFO 48980 --- [           main] c.sage.backend.SageBackendApplication    : Starting SageBackendApplication using Java 17.0.12 with PID 48980 (E:\Github\SAGE-ALL\SAGE\BackEnd\target\classes started by t in E:\Github\SAGE-ALL\SAGE\BackEnd)
2026-04-14T15:17:37.452+08:00  INFO 48980 --- [           main] c.sage.backend.SageBackendApplication    : No active profile set, falling back to 1 default profile: "default"
2026-04-14T15:17:39.629+08:00  INFO 48980 --- [           main] o.s.b.w.embedded.tomcat.TomcatWebServer  : Tomcat initialized with port 8080 (http)
2026-04-14T15:17:39.652+08:00  INFO 48980 --- [           main] o.apache.catalina.core.StandardService   : Starting service [Tomcat]
2026-04-14T15:17:39.653+08:00  INFO 48980 --- [           main] o.apache.catalina.core.StandardEngine    : Starting Servlet engine: [Apache Tomcat/10.1.39]
2026-04-14T15:17:39.743+08:00  INFO 48980 --- [           main] o.a.c.c.C.[Tomcat].[localhost].[/]       : Initializing Spring embedded WebApplicationContext
2026-04-14T15:17:39.744+08:00  INFO 48980 --- [           main] w.s.c.ServletWebServerApplicationContext : Root WebApplicationContext: initialization completed in 2228 ms
2026-04-14T15:17:40.319+08:00  INFO 48980 --- [           main] com.zaxxer.hikari.HikariDataSource       : HikariPool-1 - Starting...
2026-04-14T15:17:40.592+08:00  INFO 48980 --- [           main] com.zaxxer.hikari.pool.HikariPool        : HikariPool-1 - Added connection org.postgresql.jdbc.PgConnection@5a85b4e6
2026-04-14T15:17:40.594+08:00  INFO 48980 --- [           main] com.zaxxer.hikari.HikariDataSource       : HikariPool-1 - Start completed.
2026-04-14T15:17:40.644+08:00  INFO 48980 --- [           main] org.flywaydb.core.FlywayExecutor         : Database: jdbc:postgresql://localhost:25432/sage (PostgreSQL 17.9)
2026-04-14T15:17:40.785+08:00  INFO 48980 --- [           main] o.f.core.internal.command.DbValidate     : Successfully validated 19 migrations (execution time 00:00.077s)
2026-04-14T15:17:40.815+08:00  INFO 48980 --- [           main] o.f.core.internal.command.DbMigrate      : Current version of schema "public": 19
2026-04-14T15:17:40.821+08:00  INFO 48980 --- [           main] o.f.core.internal.command.DbMigrate      : Schema "public" is up to date. No migration necessary.
2026-04-14T15:17:41.685+08:00  WARN 48980 --- [           main] .s.s.UserDetailsServiceAutoConfiguration : 

Using generated security password: 001d4084-a1d5-49c9-88c8-a08e060a6559

This generated password is for development use only. Your security configuration must be updated before running your application in production.

2026-04-14T15:17:41.695+08:00  INFO 48980 --- [           main] r$InitializeUserDetailsManagerConfigurer : Global AuthenticationManager configured with UserDetailsService bean with name inMemoryUserDetailsManager
2026-04-14T15:17:42.113+08:00  INFO 48980 --- [           main] o.s.b.a.e.web.EndpointLinksResolver      : Exposing 2 endpoints beneath base path '/actuator'
2026-04-14T15:17:42.485+08:00  INFO 48980 --- [           main] o.s.b.w.embedded.tomcat.TomcatWebServer  : Tomcat started on port 8080 (http) with context path '/'
2026-04-14T15:17:42.508+08:00  INFO 48980 --- [           main] c.sage.backend.SageBackendApplication    : Started SageBackendApplication in 5.631 seconds (process running for 5.995)
2026-04-14T15:18:24.484+08:00  INFO 48980 --- [nio-8080-exec-2] o.a.c.c.C.[Tomcat].[localhost].[/]       : Initializing Spring DispatcherServlet 'dispatcherServlet'
2026-04-14T15:18:24.484+08:00  INFO 48980 --- [nio-8080-exec-2] o.s.web.servlet.DispatcherServlet        : Initializing Servlet 'dispatcherServlet'
2026-04-14T15:18:24.486+08:00  INFO 48980 --- [nio-8080-exec-2] o.s.web.servlet.DispatcherServlet        : Completed initialization in 2 ms
